[2025-01-07 01:40:20.523 -05:00] [INF] [61] Emby.Server.Implementations.IO.LibraryMonitor: Stopping directory watching for path "/media2"
[2025-01-07 01:40:20.523 -05:00] [INF] [61] Emby.Server.Implementations.Library.LibraryManager: Validating media library
[2025-01-07 01:40:20.542 -05:00] [INF] [37] Emby.Server.Implementations.ScheduledTasks.TaskManager: "Media Segment Scan" Completed after 0 minute(s) and 0 seconds
[2025-01-07 01:40:20.544 -05:00] [WRN] [61] MediaBrowser.Controller.Entities.BaseItem: Library folder "/media" is inaccessible or empty, skipping
[2025-01-07 01:40:20.608 -05:00] [WRN] [61] MediaBrowser.Controller.Entities.BaseItem: Library folder "/config/data/playlists" is inaccessible or empty, skipping
[2025-01-07 01:40:20.635 -05:00] [WRN] [61] MediaBrowser.Controller.Entities.BaseItem: Library folder "/media" is inaccessible or empty, skipping
[2025-01-07 01:40:20.637 -05:00] [WRN] [61] MediaBrowser.Controller.Entities.BaseItem: Library folder "/config/data/playlists" is inaccessible or empty, skipping
[2025-01-07 01:40:20.860 -05:00] [INF] [37] Emby.Server.Implementations.ScheduledTasks.TaskManager: "Scan Media Library" Completed after 0 minute(s) and 0 seconds
[2025-01-07 01:40:20.926 -05:00] [INF] [44] Emby.Server.Implementations.IO.LibraryMonitor: Watching directory "/media2"
[2025-01-07 02:00:00.029 -05:00] [INF] [28] Emby.Server.Implementations.ScheduledTasks.TaskManager: "Extract Chapter Images" Completed after 0 minute(s) and 0 seconds
[2025-01-07 02:00:01.001 -05:00] [INF] [10] Emby.Server.Implementations.ScheduledTasks.TaskManager: Daily trigger for "Extract Chapter Images" set to fire at 2025-01-08 02:00:00.000 -05:00, which is 23:59:58.9986831 from now.
[2025-01-07 03:00:00.016 -05:00] [INF] [22] Emby.Server.Implementations.ScheduledTasks.TaskManager: "Generate Trickplay Images" Completed after 0 minute(s) and 0 seconds
[2025-01-07 03:00:01.003 -05:00] [INF] [51] Emby.Server.Implementations.ScheduledTasks.TaskManager: Daily trigger for "Generate Trickplay Images" set to fire at 2025-01-08 03:00:00.000 -05:00, which is 23:59:58.9970107 from now.
[2025-01-07 13:36:16.488 -05:00] [INF] [84] Emby.Server.Implementations.ScheduledTasks.TaskManager: "Download missing subtitles" Completed after 0 minute(s) and 0 seconds
[2025-01-07 13:36:16.566 -05:00] [INF] [63] Emby.Server.Implementations.ScheduledTasks.TaskManager: "Download missing lyrics" Completed after 0 minute(s) and 0 seconds
[2025-01-07 13:36:16.635 -05:00] [INF] [63] Emby.Server.Implementations.ScheduledTasks.TaskManager: "Audio Normalization" Completed after 0 minute(s) and 0 seconds
[2025-01-07 13:36:16.704 -05:00] [INF] [84] Emby.Server.Implementations.ScheduledTasks.TaskManager: "Clean Cache Directory" Completed after 0 minute(s) and 0 seconds
[2025-01-07 13:36:16.769 -05:00] [INF] [63] Emby.Server.Implementations.ScheduledTasks.TaskManager: "Clean Log Directory" Completed after 0 minute(s) and 0 seconds
[2025-01-07 13:36:16.835 -05:00] [INF] [63] Emby.Server.Implementations.ScheduledTasks.TaskManager: "Clean Transcode Directory" Completed after 0 minute(s) and 0 seconds
[2025-01-07 13:36:16.932 -05:00] [INF] [63] Emby.Server.Implementations.ScheduledTasks.Tasks.OptimizeDatabaseTask: Optimizing and vacuuming jellyfin.db...
[2025-01-07 13:36:17.004 -05:00] [INF] [52] Emby.Server.Implementations.ScheduledTasks.TaskManager: "TasksRefreshChannels" Completed after 0 minute(s) and 0 seconds
[2025-01-07 13:36:17.069 -05:00] [INF] [63] Emby.Server.Implementations.ScheduledTasks.Tasks.OptimizeDatabaseTask: jellyfin.db optimized successfully!
[2025-01-07 13:36:17.070 -05:00] [INF] [63] Emby.Server.Implementations.ScheduledTasks.TaskManager: "Optimize database" Completed after 0 minute(s) and 0 seconds
[2025-01-07 13:36:19.939 -05:00] [INF] [84] Jellyfin.LiveTv.Guide.GuideManager: Refreshing guide with 7 days of guide data
[2025-01-07 13:36:19.941 -05:00] [INF] [84] Emby.Server.Implementations.ScheduledTasks.TaskManager: "Refresh Guide" Completed after 0 minute(s) and 3 seconds
[2025-01-07 13:36:28.958 -05:00] [INF] [52] Emby.Server.Implementations.ScheduledTasks.TaskManager: "Update Plugins" Completed after 0 minute(s) and 12 seconds
[2025-01-07 13:41:21.523 -05:00] [INF] [48] Emby.Server.Implementations.IO.LibraryMonitor: Stopping directory watching for path "/media2"
[2025-01-07 13:41:21.524 -05:00] [INF] [48] Emby.Server.Implementations.Library.LibraryManager: Validating media library
[2025-01-07 13:41:21.539 -05:00] [WRN] [48] MediaBrowser.Controller.Entities.BaseItem: Library folder "/media" is inaccessible or empty, skipping
[2025-01-07 13:41:21.540 -05:00] [INF] [75] Emby.Server.Implementations.ScheduledTasks.TaskManager: "Media Segment Scan" Completed after 0 minute(s) and 0 seconds
[2025-01-07 13:41:21.541 -05:00] [WRN] [48] MediaBrowser.Controller.Entities.BaseItem: Library folder "/config/data/playlists" is inaccessible or empty, skipping
[2025-01-07 13:41:21.633 -05:00] [WRN] [39] MediaBrowser.Controller.Entities.BaseItem: Library folder "/media" is inaccessible or empty, skipping
[2025-01-07 13:41:21.635 -05:00] [WRN] [39] MediaBrowser.Controller.Entities.BaseItem: Library folder "/config/data/playlists" is inaccessible or empty, skipping
[2025-01-07 13:41:21.853 -05:00] [INF] [48] Emby.Server.Implementations.ScheduledTasks.TaskManager: "Scan Media Library" Completed after 0 minute(s) and 0 seconds
[2025-01-07 13:41:21.922 -05:00] [INF] [39] Emby.Server.Implementations.IO.LibraryMonitor: Watching directory "/media2"
